<?xml version="1.0" encoding="UTF-8"?>
<!-- Generated by org.testng.reporters.JUnitXMLReporter -->
<testsuite hostname="SYS079" name="Default test" tests="2" failures="1" timestamp="26 Mar 2019 10:08:28 GMT" time="47.134" errors="0">
  <testcase name="clickOnVerifyButton" time="3.168" classname="com.qa.test.ChapterOneTestPage">
    <failure type="java.lang.AssertionError" message="expected [true] but found [false]">
      <![CDATA[java.lang.AssertionError: expected [true] but found [false]
	at com.qa.test.ChapterOneTestPage.clickOnVerifyButton(ChapterOneTestPage.java:58)
... Removed 28 stack frames]]>
    </failure>
  </testcase> <!-- clickOnVerifyButton -->
  <testcase name="ideTypeSelection" time="3.166" classname="com.qa.test.ChapterOneTestPage"/>
</testsuite> <!-- Default test -->
