<?xml version="1.0" encoding="UTF-8"?>
<!-- Generated by org.testng.reporters.JUnitXMLReporter -->
<testsuite hostname="SYS079" name="Default test(failed)" tests="1" failures="1" timestamp="26 Mar 2019 10:08:42 GMT" time="14.593" errors="0">
  <testcase name="clickOnVerifyButton" time="3.198" classname="com.qa.test.ChapterOneTestPage">
    <failure type="java.lang.AssertionError" message="expected [true] but found [false]">
      <![CDATA[java.lang.AssertionError: expected [true] but found [false]
	at com.qa.test.ChapterOneTestPage.clickOnVerifyButton(ChapterOneTestPage.java:58)
... Removed 28 stack frames]]>
    </failure>
  </testcase> <!-- clickOnVerifyButton -->
</testsuite> <!-- Default test(failed) -->
